<?xml version="1.0" encoding="UTF-8"?>
  <testsuite name="ClusterLoaderV2" tests="0" failures="0" errors="0" time="80.396">
      <testcase name="cern-ef-density overall (/afs/cern.ch/user/f/fkatulsk/public/k8s-performance-tests/config/tests/ef-density-config.yaml)" classname="ClusterLoaderV2" time="80.391766831"></testcase>
      <testcase name="cern-ef-density: [step: 01] Starting Ef pod measurements" classname="ClusterLoaderV2" time="0.100767662"></testcase>
      <testcase name="cern-ef-density: [step: 02] Creating Ef pods" classname="ClusterLoaderV2" time="0.032011591"></testcase>
      <testcase name="cern-ef-density: [step: 03] Collecting Ef pod measurements" classname="ClusterLoaderV2" time="30.06375288"></testcase>
      <testcase name="cern-ef-density: [step: 04] [autogenerated, please name your step in the test config]" classname="ClusterLoaderV2" time="0.052048528"></testcase>
      <testcase name="cern-ef-density: [step: 05] [autogenerated, please name your step in the test config]" classname="ClusterLoaderV2" time="9.7738e-05"></testcase>
  </testsuite>