<?xml version="1.0" encoding="UTF-8"?>
  <testsuite name="ClusterLoaderV2" tests="0" failures="4" errors="0" time="158.263">
      <testcase name="density overall (/afs/cern.ch/user/f/fkatulsk/public/k8s-performance-tests/config/tests/cl2-density-config.yaml)" classname="ClusterLoaderV2" time="158.248152305">
          <failure type="Failure">:0&#xA;[measurement call TestMetrics - TestMetrics error: [action start failed for SchedulingMetrics measurement: unknown (get pods https:kube-scheduler-pc-tbed-k8m-12.cern.ch:10259)]&#xA;measurement call PodStartupLatency - PodStartupLatency error: pod startup: too high latency 90th percentile: got 5.287081785s expected: 5s&#xA;measurement call TestMetrics - TestMetrics error: [action gather failed for EtcdMetrics measurement: unexpected error (code: 0) in ssh connection to master: &amp;errors.errorString{s:&#34;error getting SSH client to fkatulsk@pc-tbed-k8m-12.cern.ch:22: &#39;ssh: handshake failed: ssh: unable to authenticate, attempted methods [none publickey], no supported methods remain&#39;&#34;}&#xA;action gather failed for SchedulingMetrics measurement: unknown (get pods https:kube-scheduler-pc-tbed-k8m-12.cern.ch:10259)]]&#xA;:0</failure>
      </testcase>
      <testcase name="density: [step: 01] Starting measurements" classname="ClusterLoaderV2" time="0.383390206">
          <failure type="Failure">:0&#xA;[measurement call TestMetrics - TestMetrics error: [action start failed for SchedulingMetrics measurement: unknown (get pods https:kube-scheduler-pc-tbed-k8m-12.cern.ch:10259)]]&#xA;:0</failure>
      </testcase>
      <testcase name="density: [step: 02] Starting latency pod measurements" classname="ClusterLoaderV2" time="0.101045215"></testcase>
      <testcase name="density: [step: 03] Creating latency pods" classname="ClusterLoaderV2" time="0.019562007"></testcase>
      <testcase name="density: [step: 04] Waiting for latency pods to be running" classname="ClusterLoaderV2" time="10.062448855"></testcase>
      <testcase name="density: [step: 05] Deleting latency pods" classname="ClusterLoaderV2" time="0.032560483"></testcase>
      <testcase name="density: [step: 06] Waiting for latency pods to be deleted" classname="ClusterLoaderV2" time="120.069578925"></testcase>
      <testcase name="density: [step: 07] Collecting pod startup latency" classname="ClusterLoaderV2" time="0.030605277">
          <failure type="Failure">:0&#xA;[measurement call PodStartupLatency - PodStartupLatency error: pod startup: too high latency 90th percentile: got 5.287081785s expected: 5s]&#xA;:0</failure>
      </testcase>
      <testcase name="density: [step: 08] Collecting measurements" classname="ClusterLoaderV2" time="16.801071145">
          <failure type="Failure">:0&#xA;[measurement call TestMetrics - TestMetrics error: [action gather failed for EtcdMetrics measurement: unexpected error (code: 0) in ssh connection to master: &amp;errors.errorString{s:&#34;error getting SSH client to fkatulsk@pc-tbed-k8m-12.cern.ch:22: &#39;ssh: handshake failed: ssh: unable to authenticate, attempted methods [none publickey], no supported methods remain&#39;&#34;}&#xA;action gather failed for SchedulingMetrics measurement: unknown (get pods https:kube-scheduler-pc-tbed-k8m-12.cern.ch:10259)]]&#xA;:0</failure>
      </testcase>
  </testsuite>